This is pdfTeX, Version 3.1415926-2.5-1.40.14 (MiKTeX 2.9) (preloaded format=pdflatex 2015.2.4)  4 JUN 2015 14:46
entering extended mode
**C:/Users/–°–µ—Ä–≥–µ–π/Desktop/—É—á–µ–±–∞/8*—Å–µ–º–µ—Å—Ç—Ä/disser-1.3.1.tds/do
c/latex/disser/templates/specialist/thesis.tex

("C:/Users/–°–µ—Ä–≥–µ–π/Desktop/—É—á–µ–±–∞/8 —Å–µ–º–µ—Å—Ç—Ä/disser-1.3.1.tds/do
c/latex/disser/templates/specialist/thesis.tex"
LaTeX2e <2011/06/27>
Babel <v3.8m> and hyphenation patterns for english, afrikaans, ancientgreek, ar
abic, armenian, assamese, basque, bengali, bokmal, bulgarian, catalan, coptic, 
croatian, czech, danish, dutch, esperanto, estonian, farsi, finnish, french, ga
lician, german, german-x-2013-05-26, greek, gujarati, hindi, hungarian, iceland
ic, indonesian, interlingua, irish, italian, kannada, kurmanji, latin, latvian,
 lithuanian, malayalam, marathi, mongolian, mongolianlmc, monogreek, ngerman, n
german-x-2013-05-26, nynorsk, oriya, panjabi, pinyin, polish, portuguese, roman
ian, russian, sanskrit, serbian, slovak, slovenian, spanish, swedish, swissgerm
an, tamil, telugu, turkish, turkmen, ukenglish, ukrainian, uppersorbian, usengl
ishmax, welsh, loaded.
(C:\localtexmf\tex\latex\disser\disser.cls
Document Class: disser 2015/01/03 1.3.1 Document class for dissertations
("C:\Program Files (x86)\MiKTeX 2.9\tex\latex\oberdiek\kvoptions.sty"
Package: kvoptions 2011/06/30 v3.11 Key value format for package options (HO)

("C:\Program Files (x86)\MiKTeX 2.9\tex\latex\graphics\keyval.sty"
Package: keyval 1999/03/16 v1.13 key=value parser (DPC)
\KV@toks@=\toks14
)
("C:\Program Files (x86)\MiKTeX 2.9\tex\generic\oberdiek\ltxcmds.sty"
Package: ltxcmds 2011/11/09 v1.22 LaTeX kernel commands for general use (HO)
)
("C:\Program Files (x86)\MiKTeX 2.9\tex\generic\oberdiek\kvsetkeys.sty"
Package: kvsetkeys 2012/04/25 v1.16 Key value parser (HO)

("C:\Program Files (x86)\MiKTeX 2.9\tex\generic\oberdiek\infwarerr.sty"
Package: infwarerr 2010/04/08 v1.3 Providing info/warning/error messages (HO)
)
("C:\Program Files (x86)\MiKTeX 2.9\tex\generic\oberdiek\etexcmds.sty"
Package: etexcmds 2011/02/16 v1.5 Avoid name clashes with e-TeX commands (HO)

("C:\Program Files (x86)\MiKTeX 2.9\tex\generic\oberdiek\ifluatex.sty"
Package: ifluatex 2010/03/01 v1.3 Provides the ifluatex switch (HO)
Package ifluatex Info: LuaTeX not detected.
)
Package etexcmds Info: Could not find \expanded.
(etexcmds)             That can mean that you are not using pdfTeX 1.50 or
(etexcmds)             that some package has redefined \expanded.
(etexcmds)             In the latter case, load this package earlier.
)))
("C:\Program Files (x86)\MiKTeX 2.9\tex\generic\oberdiek\ifpdf.sty"
Package: ifpdf 2011/01/30 v2.3 Provides the ifpdf switch (HO)
Package ifpdf Info: pdfTeX in PDF mode is detected.
)
("C:\Program Files (x86)\MiKTeX 2.9\tex\latex\base\ifthen.sty"
Package: ifthen 2001/05/26 v1.1c Standard LaTeX ifthen package (DPC)
)
("C:\Program Files (x86)\MiKTeX 2.9\tex\latex\textcase\textcase.sty"
Package: textcase 2004/10/07 v0.07 Text only upper/lower case changing (DPC)
)
("C:\Program Files (x86)\MiKTeX 2.9\tex\latex\extsizes\size14.clo"
File: size14.clo 1999/11/11 v1.4a NON-Standard LaTeX file (size option)
)
("C:\Program Files (x86)\MiKTeX 2.9\tex\latex\base\exscale.sty"
Package: exscale 2007/10/29 v2.1h Standard LaTeX package exscale
LaTeX Font Info:    Redeclaring symbol font `largesymbols' on input line 52.
LaTeX Font Info:    Overwriting symbol font `largesymbols' in version `normal'
(Font)                  OMX/cmex/m/n --> OMX/cmex/m/n on input line 52.
LaTeX Font Info:    Overwriting symbol font `largesymbols' in version `bold'
(Font)                  OMX/cmex/m/n --> OMX/cmex/m/n on input line 52.
\big@size=\dimen102
)
\c@part=\count79
\c@chapter=\count80
\c@section=\count81
\c@subsection=\count82
\c@subsubsection=\count83
\c@paragraph=\count84
\c@subparagraph=\count85
\c@figure=\count86
\c@table=\count87
\chapterindent=\skip41
\abovecaptionskip=\skip42
\belowcaptionskip=\skip43
\footnoteindent=\skip44

(C:\localtexmf\tex\latex\disser\titledefs.rtx
File: titledefs.rtx 
\fieldhshift=\skip45
)
\bibindent=\dimen103

("C:\Program Files (x86)\MiKTeX 2.9\tex\latex\amsmath\amsmath.sty"
Package: amsmath 2013/01/14 v2.14 AMS math features
\@mathmargin=\skip46

For additional information on amsmath, use the `?' option.
("C:\Program Files (x86)\MiKTeX 2.9\tex\latex\amsmath\amstext.sty"
Package: amstext 2000/06/29 v2.01

("C:\Program Files (x86)\MiKTeX 2.9\tex\latex\amsmath\amsgen.sty"
File: amsgen.sty 1999/11/30 v2.0
\@emptytoks=\toks15
\ex@=\dimen104
))
("C:\Program Files (x86)\MiKTeX 2.9\tex\latex\amsmath\amsbsy.sty"
Package: amsbsy 1999/11/29 v1.2d
\pmbraise@=\dimen105
)
("C:\Program Files (x86)\MiKTeX 2.9\tex\latex\amsmath\amsopn.sty"
Package: amsopn 1999/12/14 v2.01 operator names
)
\inf@bad=\count88
LaTeX Info: Redefining \frac on input line 210.
\uproot@=\count89
\leftroot@=\count90
LaTeX Info: Redefining \overline on input line 306.
\classnum@=\count91
\DOTSCASE@=\count92
LaTeX Info: Redefining \ldots on input line 378.
LaTeX Info: Redefining \dots on input line 381.
LaTeX Info: Redefining \cdots on input line 466.
\Mathstrutbox@=\box26
\strutbox@=\box27
\big@size=\dimen106
LaTeX Font Info:    Redeclaring font encoding OML on input line 566.
LaTeX Font Info:    Redeclaring font encoding OMS on input line 567.
\macc@depth=\count93
\c@MaxMatrixCols=\count94
\dotsspace@=\muskip10
\c@parentequation=\count95
\dspbrk@lvl=\count96
\tag@help=\toks16
\row@=\count97
\column@=\count98
\maxfields@=\count99
\andhelp@=\toks17
\eqnshift@=\dimen107
\alignsep@=\dimen108
\tagshift@=\dimen109
\tagwidth@=\dimen110
\totwidth@=\dimen111
\lineht@=\dimen112
\@envbody=\toks18
\multlinegap=\skip47
\multlinetaggap=\skip48
\mathdisplay@stack=\toks19
LaTeX Info: Redefining \[ on input line 2665.
LaTeX Info: Redefining \] on input line 2666.
)
("C:\Program Files (x86)\MiKTeX 2.9\tex\latex\amsfonts\amssymb.sty"
Package: amssymb 2013/01/14 v3.01 AMS font symbols

("C:\Program Files (x86)\MiKTeX 2.9\tex\latex\amsfonts\amsfonts.sty"
Package: amsfonts 2013/01/14 v3.01 Basic AMSFonts support
\symAMSa=\mathgroup4
\symAMSb=\mathgroup5
LaTeX Font Info:    Overwriting math alphabet `\mathfrak' in version `bold'
(Font)                  U/euf/m/n --> U/euf/b/n on input line 106.
))
\symEulerExtension=\mathgroup6
LaTeX Font Info:    Redeclaring math symbol \intop on input line 1392.
LaTeX Font Info:    Redeclaring math symbol \ointop on input line 1393.

("C:\Program Files (x86)\MiKTeX 2.9\tex\latex\natbib\natbib.sty"
Package: natbib 2010/09/13 8.31b (PWD, AO)
\bibhang=\skip49
\bibsep=\skip50
LaTeX Info: Redefining \cite on input line 694.
\c@NAT@ctr=\count100
)
("C:\Program Files (x86)\MiKTeX 2.9\tex\latex\caption\caption.sty"
Package: caption 2013/05/02 v3.3-89 Customizing captions (AR)

("C:\Program Files (x86)\MiKTeX 2.9\tex\latex\caption\caption3.sty"
Package: caption3 2013/05/02 v1.6-88 caption3 kernel (AR)
Package caption3 Info: TeX engine: e-TeX on input line 57.
\captionmargin=\dimen113
\captionmargin@=\dimen114
\captionwidth=\dimen115
\caption@tempdima=\dimen116
\caption@indent=\dimen117
\caption@parindent=\dimen118
\caption@hangindent=\dimen119
Package caption Info: Unknown document class (or package),
(caption)             standard defaults will be used.
)

Package caption Warning: Unsupported document class (or package) detected,
(caption)                usage of the caption package is not recommended.
See the caption package documentation for explanation.

Package caption Info: \@makecaption = \long macro:#1#2->\vskip \abovecaptionski
p \sbox \@tempboxa {{\captionlabelfont #1\captionlabeldelim } {\captionfont #2}
}\ifdim \wd \@tempboxa >\hsize {{\captionlabelfont #1\captionlabeldelim } {\cap
tionfont #2}}\par \else \global \@minipagefalse \hb@xt@ \hsize {\hfil \box \@te
mpboxa \hfil }\fi \vskip \belowcaptionskip .

Package caption Warning: Configuration file caption.cfg not found on input line
 293.
See the caption package documentation for explanation.

\c@ContinuedFloat=\count101
) ("C:\Program Files (x86)\MiKTeX 2.9\tex\latex\caption\subcaption.sty"
Package: subcaption 2013/02/03 v1.1-62 Sub-captions (AR)
\c@subfigure=\count102
\c@subtable=\count103
)
("C:\Program Files (x86)\MiKTeX 2.9\tex\latex\hyperref\hyperref.sty"
Package: hyperref 2012/11/06 v6.83m Hypertext links for LaTeX

("C:\Program Files (x86)\MiKTeX 2.9\tex\generic\oberdiek\hobsub-hyperref.sty"
Package: hobsub-hyperref 2012/04/25 v1.12 Bundle oberdiek, subset hyperref (HO)


("C:\Program Files (x86)\MiKTeX 2.9\tex\generic\oberdiek\hobsub-generic.sty"
Package: hobsub-generic 2012/04/25 v1.12 Bundle oberdiek, subset generic (HO)
Package: hobsub 2012/04/25 v1.12 Construct package bundles (HO)
Package hobsub Info: Skipping package `infwarerr' (already loaded).
Package hobsub Info: Skipping package `ltxcmds' (already loaded).
Package hobsub Info: Skipping package `ifluatex' (already loaded).
Package: ifvtex 2010/03/01 v1.5 Detect VTeX and its facilities (HO)
Package ifvtex Info: VTeX not detected.
Package: intcalc 2007/09/27 v1.1 Expandable calculations with integers (HO)
Package hobsub Info: Skipping package `ifpdf' (already loaded).
Package hobsub Info: Skipping package `etexcmds' (already loaded).
Package hobsub Info: Skipping package `kvsetkeys' (already loaded).
Package: kvdefinekeys 2011/04/07 v1.3 Define keys (HO)
Package: pdftexcmds 2011/11/29 v0.20 Utility functions of pdfTeX for LuaTeX (HO
)
Package pdftexcmds Info: LuaTeX not detected.
Package pdftexcmds Info: \pdf@primitive is available.
Package pdftexcmds Info: \pdf@ifprimitive is available.
Package pdftexcmds Info: \pdfdraftmode found.
Package: pdfescape 2011/11/25 v1.13 Implements pdfTeX's escape features (HO)
Package: bigintcalc 2012/04/08 v1.3 Expandable calculations on big integers (HO
)
Package: bitset 2011/01/30 v1.1 Handle bit-vector datatype (HO)
Package: uniquecounter 2011/01/30 v1.2 Provide unlimited unique counter (HO)
)
Package hobsub Info: Skipping package `hobsub' (already loaded).
Package: letltxmacro 2010/09/02 v1.4 Let assignment for LaTeX macros (HO)
Package: hopatch 2011/06/24 v1.1 Wrapper for package hooks (HO)
Package: xcolor-patch 2011/01/30 xcolor patch
Package: atveryend 2011/06/30 v1.8 Hooks at the very end of document (HO)
Package atveryend Info: \enddocument detected (standard20110627).
Package: atbegshi 2011/10/05 v1.16 At begin shipout hook (HO)
Package: refcount 2011/10/16 v3.4 Data extraction from label references (HO)
Package: hycolor 2011/01/30 v1.7 Color options for hyperref/bookmark (HO)
)
("C:\Program Files (x86)\MiKTeX 2.9\tex\generic\ifxetex\ifxetex.sty"
Package: ifxetex 2010/09/12 v0.6 Provides ifxetex conditional
)
("C:\Program Files (x86)\MiKTeX 2.9\tex\latex\oberdiek\auxhook.sty"
Package: auxhook 2011/03/04 v1.3 Hooks for auxiliary files (HO)
)
\@linkdim=\dimen120
\Hy@linkcounter=\count104
\Hy@pagecounter=\count105

("C:\Program Files (x86)\MiKTeX 2.9\tex\latex\hyperref\pd1enc.def"
File: pd1enc.def 2012/11/06 v6.83m Hyperref: PDFDocEncoding definition (HO)
)
\Hy@SavedSpaceFactor=\count106

("C:\Program Files (x86)\MiKTeX 2.9\tex\latex\00miktex\hyperref.cfg"
File: hyperref.cfg 2002/06/06 v1.2 hyperref configuration of TeXLive
)
Package hyperref Info: Option `colorlinks' set `true' on input line 4319.
Package hyperref Info: Option `unicode' set `true' on input line 4319.

("C:\Program Files (x86)\MiKTeX 2.9\tex\latex\hyperref\puenc.def"
File: puenc.def 2012/11/06 v6.83m Hyperref: PDF Unicode definition (HO)
)
Package hyperref Info: Hyper figures OFF on input line 4443.
Package hyperref Info: Link nesting OFF on input line 4448.
Package hyperref Info: Hyper index ON on input line 4451.
Package hyperref Info: Plain pages OFF on input line 4458.
Package hyperref Info: Backreferencing OFF on input line 4463.
Package hyperref Info: Implicit mode ON; LaTeX internals redefined.
Package hyperref Info: Bookmarks ON on input line 4688.
\c@Hy@tempcnt=\count107

("C:\Program Files (x86)\MiKTeX 2.9\tex\latex\url\url.sty"
\Urlmuskip=\muskip11
Package: url 2013/09/16  ver 3.4  Verb mode for urls, etc.
)
LaTeX Info: Redefining \url on input line 5041.
\XeTeXLinkMargin=\dimen121
\Fld@menulength=\count108
\Field@Width=\dimen122
\Fld@charsize=\dimen123
Package hyperref Info: Hyper figures OFF on input line 6295.
Package hyperref Info: Link nesting OFF on input line 6300.
Package hyperref Info: Hyper index ON on input line 6303.
Package hyperref Info: backreferencing OFF on input line 6310.
Package hyperref Info: Link coloring ON on input line 6313.
Package hyperref Info: Link coloring with OCG OFF on input line 6320.
Package hyperref Info: PDF/A mode OFF on input line 6325.
LaTeX Info: Redefining \ref on input line 6365.
LaTeX Info: Redefining \pageref on input line 6369.
\Hy@abspage=\count109
\c@Item=\count110
\c@Hfootnote=\count111
)

Package hyperref Message: Driver: hpdftex.

("C:\Program Files (x86)\MiKTeX 2.9\tex\latex\hyperref\hpdftex.def"
File: hpdftex.def 2012/11/06 v6.83m Hyperref driver for pdfTeX
\Fld@listcount=\count112
\c@bookmark@seq@number=\count113

("C:\Program Files (x86)\MiKTeX 2.9\tex\latex\oberdiek\rerunfilecheck.sty"
Package: rerunfilecheck 2011/04/15 v1.7 Rerun checks for auxiliary files (HO)
Package uniquecounter Info: New unique counter `rerunfilecheck' on input line 2
82.
)
\Hy@SectionHShift=\skip51
)
Package hyperref Info: Option `colorlinks' set `false' on input line 1496.
Package hyperref Info: Option `bookmarksopen' set `true' on input line 1496.
Package hyperref Info: Option `bookmarksnumbered' set `true' on input line 1496
.

("C:\Program Files (x86)\MiKTeX 2.9\tex\latex\graphics\graphicx.sty"
Package: graphicx 1999/02/16 v1.0f Enhanced LaTeX Graphics (DPC,SPQR)

("C:\Program Files (x86)\MiKTeX 2.9\tex\latex\graphics\graphics.sty"
Package: graphics 2009/02/05 v1.0o Standard LaTeX Graphics (DPC,SPQR)

("C:\Program Files (x86)\MiKTeX 2.9\tex\latex\graphics\trig.sty"
Package: trig 1999/03/16 v1.09 sin cos tan (DPC)
)
("C:\Program Files (x86)\MiKTeX 2.9\tex\latex\00miktex\graphics.cfg"
File: graphics.cfg 2007/01/18 v1.5 graphics configuration of teTeX/TeXLive
)
Package graphics Info: Driver file: pdftex.def on input line 91.

("C:\Program Files (x86)\MiKTeX 2.9\tex\latex\pdftex-def\pdftex.def"
File: pdftex.def 2011/05/27 v0.06d Graphics/color for pdfTeX
\Gread@gobject=\count114
))
\Gin@req@height=\dimen124
\Gin@req@width=\dimen125
)
("C:\Program Files (x86)\MiKTeX 2.9\tex\latex\cmap\cmap.sty"
Package: cmap 2008/03/06 v1.0h CMap support: searchable PDF
)
("C:\Program Files (x86)\MiKTeX 2.9\tex\latex\graphics\color.sty"
Package: color 2005/11/14 v1.0j Standard LaTeX Color (DPC)

("C:\Program Files (x86)\MiKTeX 2.9\tex\latex\00miktex\color.cfg"
File: color.cfg 2007/01/18 v1.5 color configuration of teTeX/TeXLive
)
Package color Info: Driver file: pdftex.def on input line 130.
)
Package hyperref Info: Option `colorlinks' set `true' on input line 1515.
)
(C:\localtexmf\tex\latex\disser\specialist.rtx
File: specialist.rtx 
)
("C:\Program Files (x86)\MiKTeX 2.9\tex\latex\geometry\geometry.sty"
Package: geometry 2010/09/12 v5.6 Page Geometry
\Gm@cnth=\count115
\Gm@cntv=\count116
\c@Gm@tempcnt=\count117
\Gm@bindingoffset=\dimen126
\Gm@wd@mp=\dimen127
\Gm@odd@mp=\dimen128
\Gm@even@mp=\dimen129
\Gm@layoutwidth=\dimen130
\Gm@layoutheight=\dimen131
\Gm@layouthoffset=\dimen132
\Gm@layoutvoffset=\dimen133
\Gm@dimlist=\toks20

("C:\Program Files (x86)\MiKTeX 2.9\tex\latex\geometry\geometry.cfg"))
("C:\Program Files (x86)\MiKTeX 2.9\tex\latex\base\fontenc.sty"
Package: fontenc 2005/09/27 v1.99g Standard LaTeX package

("C:\Program Files (x86)\MiKTeX 2.9\tex\latex\cyrillic\t2aenc.def"
File: t2aenc.def 2005/09/27 v1.0i Cyrillic encoding definition file
)
LaTeX Font Info:    Try loading font information for T2A+cmr on input line 100.


("C:\Program Files (x86)\MiKTeX 2.9\tex\latex\cyrillic\t2acmr.fd"
File: t2acmr.fd 2001/08/11 v1.0a Computer Modern Cyrillic font definitions
)<<t2a.cmap>>) ("C:\Program Files (x86)\MiKTeX 2.9\tex\latex\base\inputenc.sty"
Package: inputenc 2008/03/30 v1.1d Input encoding file
\inpenc@prehook=\toks21
\inpenc@posthook=\toks22

("C:\Program Files (x86)\MiKTeX 2.9\tex\latex\cyrillic\cp1251.def"
File: cp1251.def 1999/11/16 v1.0d Input encoding file
))
("C:\Program Files (x86)\MiKTeX 2.9\tex\generic\babel\babel.sty"
Package: babel 2008/07/08 v3.8m The Babel package

*************************************
* Local config file bblopts.cfg used
*
("C:\Program Files (x86)\MiKTeX 2.9\tex\latex\00miktex\bblopts.cfg"
File: bblopts.cfg 2006/07/31 v1.0 MiKTeX 'babel' configuration
)
("C:\Program Files (x86)\MiKTeX 2.9\tex\generic\babel\english.ldf"
Language: english 2005/03/30 v3.3o English support from the babel system

("C:\Program Files (x86)\MiKTeX 2.9\tex\generic\babel\babel.def"
File: babel.def 2008/07/08 v3.8m Babel common definitions
\babel@savecnt=\count118
\U@D=\dimen134
)
\l@canadian = a dialect from \language\l@american 
\l@australian = a dialect from \language\l@british 
\l@newzealand = a dialect from \language\l@british 
)
("C:\Program Files (x86)\MiKTeX 2.9\tex\generic\babel\russianb.ldf"
Language: russianb 2008/03/21 v1.1r Russian support from the babel system
Package babel Info: Making " an active character on input line 199.
))
("C:\Program Files (x86)\MiKTeX 2.9\tex\latex\tools\tabularx.sty"
Package: tabularx 1999/01/07 v2.07 `tabularx' package (DPC)

("C:\Program Files (x86)\MiKTeX 2.9\tex\latex\tools\array.sty"
Package: array 2008/09/09 v2.4c Tabular extension package (FMi)
\col@sep=\dimen135
\extrarowheight=\dimen136
\NC@list=\toks23
\extratabsurround=\skip52
\backup@length=\skip53
)
\TX@col@width=\dimen137
\TX@old@table=\dimen138
\TX@old@col=\dimen139
\TX@target=\dimen140
\TX@delta=\dimen141
\TX@cols=\count119
\TX@ftn=\toks24
)
("C:\Program Files (x86)\MiKTeX 2.9\tex\latex\tools\longtable.sty"
Package: longtable 2004/02/01 v4.11 Multi-page Table package (DPC)
\LTleft=\skip54
\LTright=\skip55
\LTpre=\skip56
\LTpost=\skip57
\LTchunksize=\count120
\LTcapwidth=\dimen142
\LT@head=\box28
\LT@firsthead=\box29
\LT@foot=\box30
\LT@lastfoot=\box31
\LT@cols=\count121
\LT@rows=\count122
\c@LT@tables=\count123
\c@LT@chunks=\count124
\LT@p@ftn=\toks25
)
("C:\Program Files (x86)\MiKTeX 2.9\tex\latex\listings\listings.sty"
\lst@mode=\count125
\lst@gtempboxa=\box32
\lst@token=\toks26
\lst@length=\count126
\lst@currlwidth=\dimen143
\lst@column=\count127
\lst@pos=\count128
\lst@lostspace=\dimen144
\lst@width=\dimen145
\lst@newlines=\count129
\lst@lineno=\count130
\lst@maxwidth=\dimen146

("C:\Program Files (x86)\MiKTeX 2.9\tex\latex\listings\lstmisc.sty"
File: lstmisc.sty 2014/09/06 1.5e (Carsten Heinz)
\c@lstnumber=\count131
\lst@skipnumbers=\count132
\lst@framebox=\box33
)
("C:\Program Files (x86)\MiKTeX 2.9\tex\latex\listings\listings.cfg"
File: listings.cfg 2014/09/06 1.5e listings configuration
))
Package: listings 2014/09/06 1.5e (Carsten Heinz)

("C:\Program Files (x86)\MiKTeX 2.9\tex\latex\oberdiek\epstopdf.sty"
Package: epstopdf 2010/02/09 v2.5 Conversion with epstopdf on the fly (HO)

("C:\Program Files (x86)\MiKTeX 2.9\tex\latex\oberdiek\epstopdf-base.sty"
Package: epstopdf-base 2010/02/09 v2.5 Base part for package epstopdf

("C:\Program Files (x86)\MiKTeX 2.9\tex\latex\oberdiek\grfext.sty"
Package: grfext 2010/08/19 v1.1 Manage graphics extensions (HO)
)
Package grfext Info: Graphics extension search list:
(grfext)             [.pdf,.png,.jpg,.eps]
(grfext)             \AppendGraphicsExtensions on input line 452.
))
("C:\Users\–°–µ—Ä–≥–µ–π\Desktop\—É—á–µ–±–∞\8 —Å–µ–º–µ—Å—Ç—Ä\disser-1.3.1.tds\do
c\latex\disser\templates\specialist\thesis.aux"

LaTeX Warning: Label `f:pic7' multiply defined.


LaTeX Warning: Label `app:esk' multiply defined.

)
LaTeX Font Info:    Checking defaults for OML/cmm/m/it on input line 63.
LaTeX Font Info:    ... okay on input line 63.
LaTeX Font Info:    Checking defaults for T1/cmr/m/n on input line 63.
LaTeX Font Info:    ... okay on input line 63.
LaTeX Font Info:    Checking defaults for OT1/cmr/m/n on input line 63.
LaTeX Font Info:    ... okay on input line 63.
LaTeX Font Info:    Checking defaults for OMS/cmsy/m/n on input line 63.
LaTeX Font Info:    ... okay on input line 63.
LaTeX Font Info:    Checking defaults for OMX/cmex/m/n on input line 63.
LaTeX Font Info:    ... okay on input line 63.
LaTeX Font Info:    Checking defaults for U/cmr/m/n on input line 63.
LaTeX Font Info:    ... okay on input line 63.
LaTeX Font Info:    Checking defaults for PD1/pdf/m/n on input line 63.
LaTeX Font Info:    ... okay on input line 63.
LaTeX Font Info:    Checking defaults for PU/pdf/m/n on input line 63.
LaTeX Font Info:    ... okay on input line 63.
LaTeX Font Info:    Checking defaults for T2A/cmr/m/n on input line 63.
LaTeX Font Info:    ... okay on input line 63.
Package caption Info: Begin \AtBeginDocument code.
Package caption Info: hyperref package is loaded.
Package caption Info: listings package is loaded.
Package caption Info: longtable package is loaded.
 ("C:\Program Files (x86)\MiKTeX 2.9\tex\latex\caption\ltcaption.sty"
Package: ltcaption 2013/02/03 v1.3-62 longtable captions (AR)
)
Package caption Info: End \AtBeginDocument code.
\AtBeginShipoutBox=\box34
Package hyperref Info: Link coloring ON on input line 63.

("C:\Program Files (x86)\MiKTeX 2.9\tex\latex\hyperref\nameref.sty"
Package: nameref 2012/10/27 v2.43 Cross-referencing by name of section

("C:\Program Files (x86)\MiKTeX 2.9\tex\generic\oberdiek\gettitlestring.sty"
Package: gettitlestring 2010/12/03 v1.4 Cleanup title references (HO)
)
\c@section@level=\count133
)
LaTeX Info: Redefining \ref on input line 63.
LaTeX Info: Redefining \pageref on input line 63.
LaTeX Info: Redefining \nameref on input line 63.

("C:\Users\–°–µ—Ä–≥–µ–π\Desktop\—É—á–µ–±–∞\8 —Å–µ–º–µ—Å—Ç—Ä\disser-1.3.1.tds\do
c\latex\disser\templates\specialist\thesis.out")
("C:\Users\–°–µ—Ä–≥–µ–π\Desktop\—É—á–µ–±–∞\8 —Å–µ–º–µ—Å—Ç—Ä\disser-1.3.1.tds\do
c\latex\disser\templates\specialist\thesis.out")
\@outlinefile=\write3

("C:\Program Files (x86)\MiKTeX 2.9\tex\context\base\supp-pdf.mkii"
[Loading MPS to PDF converter (version 2006.09.02).]
\scratchcounter=\count134
\scratchdimen=\dimen147
\scratchbox=\box35
\nofMPsegments=\count135
\nofMParguments=\count136
\everyMPshowfont=\toks27
\MPscratchCnt=\count137
\MPscratchDim=\dimen148
\MPnumerator=\count138
\makeMPintoPDFobject=\count139
\everyMPtoPDFconversion=\toks28
)
*geometry* driver: auto-detecting
*geometry* detected driver: pdftex
*geometry* verbose mode - [ preamble ] result:
* driver: pdftex
* paper: a4paper
* layout: <same size as paper>
* layoutoffset:(h,v)=(0.0pt,0.0pt)
* modes: 
* h-part:(L,W,R)=(85.35826pt, 455.24411pt, 56.9055pt)
* v-part:(T,H,B)=(56.9055pt, 731.23584pt, 56.9055pt)
* \paperwidth=597.50787pt
* \paperheight=845.04684pt
* \textwidth=455.24411pt
* \textheight=731.23584pt
* \oddsidemargin=13.08827pt
* \evensidemargin=13.08827pt
* \topmargin=-49.28133pt
* \headheight=14.0pt
* \headsep=19.91684pt
* \topskip=14.0pt
* \footskip=28.45274pt
* \marginparwidth=15.0pt
* \marginparsep=10.0pt
* \columnsep=10.0pt
* \skip\footins=12.0pt plus 4.0pt minus 2.0pt
* \hoffset=0.0pt
* \voffset=0.0pt
* \mag=1000
* \@twocolumnfalse
* \@twosidefalse
* \@mparswitchfalse
* \@reversemarginfalse
* (1in=72.27pt=25.4mm, 1cm=28.453pt)

\c@lstlisting=\count140
\firstskip=\skip58
\secondskip=\skip59
\thirdskip=\skip60
\fourthskip=\skip61
\fifthskip=\skip62
\sixthskip=\skip63
\seventhskip=\skip64
<<ot1.cmap>><<oml.cmap>><<oms.cmap>><<omx.cmap>>
LaTeX Font Info:    Try loading font information for U+msa on input line 116.

("C:\Program Files (x86)\MiKTeX 2.9\tex\latex\amsfonts\umsa.fd"
File: umsa.fd 2013/01/14 v3.01 AMS symbols A
)
LaTeX Font Info:    Try loading font information for U+msb on input line 116.

("C:\Program Files (x86)\MiKTeX 2.9\tex\latex\amsfonts\umsb.fd"
File: umsb.fd 2013/01/14 v3.01 AMS symbols B
)
LaTeX Font Info:    Try loading font information for U+euex on input line 116.

("C:\Program Files (x86)\MiKTeX 2.9\tex\latex\amsfonts\ueuex.fd"
File: ueuex.fd 2013/01/14 v3.01 Euler extra symbols
) [1

{C:/ProgramData/MiKTeX/2.9/pdftex/config/pdftex.map}]
("C:\Users\–°–µ—Ä–≥–µ–π\Desktop\—É—á–µ–±–∞\8 —Å–µ–º–µ—Å—Ç—Ä\disser-1.3.1.tds\do
c\latex\disser\templates\specialist\thesis.toc")
\tf@toc=\write4
 [2


]
("C:\Users\–°–µ—Ä–≥–µ–π\Desktop\—É—á–µ–±–∞\8 —Å–µ–º–µ—Å—Ç—Ä\disser-1.3.1.tds\do
c\latex\disser\templates\specialist\intro.tex" [3


] [4])
("C:\Users\–°–µ—Ä–≥–µ–π\Desktop\—É—á–µ–±–∞\8 —Å–µ–º–µ—Å—Ç—Ä\disser-1.3.1.tds\do
c\latex\disser\templates\specialist\1.tex" [5]
Overfull \hbox (1.41948pt too wide) in paragraph at lines 4--5
[]\T2A/cmr/m/n/14.4 ¿‰‰ËÚË‚Ì˚Â ÚÂıÌÓÎÓ„ËË  Ó‰ÌÓ ËÁ ÔÓˇ‚Ë‚¯ËıÒˇ ÓÚÌÓÒË
ÚÂÎ¸ÌÓ ÌÂ‰‡‚
 []

[6

] [7] <fig/1-1.png, id=153, 533.1117pt x 358.4592pt>
File: fig/1-1.png Graphic file (type png)
 <use fig/1-1.png>
Package pdftex.def Info: fig/1-1.png used on input line 43.
(pdftex.def)             Requested size: 409.71692pt x 275.49481pt.


LaTeX Warning: `h' float specifier changed to `ht'.

[8] [9 <C:/Users/–°–µ—Ä–≥–µ–π/Desktop/—É—á–µ–±–∞/8 —Å–µ–º–µ—Å—Ç—Ä/disser-1.3.1.
tds/doc/latex/disser/templates/specialist/fig/1-1.png>]
<fig/1-2.png, id=180, 520.94624pt x 393.72093pt>
File: fig/1-2.png Graphic file (type png)
 <use fig/1-2.png>
Package pdftex.def Info: fig/1-2.png used on input line 54.
(pdftex.def)             Requested size: 341.43307pt x 258.0483pt.
 [10 <C:/Users/–°–µ—Ä–≥–µ–π/Desktop/—É—á–µ–±–∞/8 —Å–µ–º–µ—Å—Ç—Ä/disser-1.3.1.td
s/doc/latex/disser/templates/specialist/fig/1-2.png>])
("C:\Users\–°–µ—Ä–≥–µ–π\Desktop\—É—á–µ–±–∞\8 —Å–µ–º–µ—Å—Ç—Ä\disser-1.3.1.tds\do
c\latex\disser\templates\specialist\2.tex" [11]
Overfull \hbox (7.3938pt too wide) in paragraph at lines 10--11
[]\T2A/cmr/m/n/14.4 ‚ÓÁÏÓÊÌÓÒÚ¸ ‚˚·Ó‡ ÒÔÓÒÓ·‡ ÔÓÒÚÓÂÌËˇ ÏÓ‰ÂÎË ÒÚ‡Ì
‰‡ÚÌ˚ÏË ÔÎÓÒ
 []

[12

] [13] ("C:\Program Files (x86)\MiKTeX 2.9\tex\latex\listings\lstlang1.sty"
File: lstlang1.sty 2014/09/06 1.5e listings language file
)
Package hyperref Info: bookmark level for unknown lstlisting defaults to 0 on i
nput line 38.
LaTeX Font Info:    Try loading font information for T2A+cmtt on input line 38.

("C:\Program Files (x86)\MiKTeX 2.9\tex\latex\cyrillic\t2acmtt.fd"
File: t2acmtt.fd 2001/08/11 v1.0a Computer Modern Cyrillic font definitions
)
<fig/2-1.png, id=205, 438.13687pt x 421.575pt>
File: fig/2-1.png Graphic file (type png)
 <use fig/2-1.png>
Package pdftex.def Info: fig/2-1.png used on input line 65.
(pdftex.def)             Requested size: 227.62206pt x 219.02084pt.
 [14]
<fig/2-0.png, id=234, 258.9675pt x 258.9675pt>
File: fig/2-0.png Graphic file (type png)
 <use fig/2-0.png>
Package pdftex.def Info: fig/2-0.png used on input line 78.
(pdftex.def)             Requested size: 227.62206pt x 227.63127pt.

Overfull \hbox (7.40048pt too wide) in paragraph at lines 85--86
[]\T2A/cmr/m/n/14.4 ƒÎˇ ÔÂ‚ÓÌ‡˜‡Î¸ÌÓ„Ó ‡Ì‡ÎËÁ‡ ËÒÔÓÎ¸ÁÓ‚‡Î‡Ò¸ ÔÓ„
‡ÏÏ‡ SolidWorks,
 []

[15 <C:/Users/–°–µ—Ä–≥–µ–π/Desktop/—É—á–µ–±–∞/8 —Å–µ–º–µ—Å—Ç—Ä/disser-1.3.1.tds
/doc/latex/disser/templates/specialist/fig/2-1.png>]
<fig/2-2.png, id=248, 643.6547pt x 481.8pt>
File: fig/2-2.png Graphic file (type png)
 <use fig/2-2.png>
Package pdftex.def Info: fig/2-2.png used on input line 100.
(pdftex.def)             Requested size: 341.43307pt x 255.58067pt.
 [16 <C:/Users/–°–µ—Ä–≥–µ–π/Desktop/—É—á–µ–±–∞/8 —Å–µ–º–µ—Å—Ç—Ä/disser-1.3.1.td
s/doc/latex/disser/templates/specialist/fig/2-0.png (PNG copy)>] [17 <C:/Users/
–°–µ—Ä–≥–µ–π/Desktop/—É—á–µ–±–∞/8 —Å–µ–º–µ—Å—Ç—Ä/disser-1.3.1.tds/doc/latex/dis
ser/templates/specialist/fig/2-2.png>]
LaTeX Font Info:    Font shape `T2A/cmtt/bx/n' in size <12> not available
(Font)              Font shape `T2A/cmtt/m/n' tried instead on input line 135.
 <fig/2-3.png, id=274, 333.49594pt x 350.05782pt>
File: fig/2-3.png Graphic file (type png)

<use fig/2-3.png>
Package pdftex.def Info: fig/2-3.png used on input line 163.
(pdftex.def)             Requested size: 227.62206pt x 238.93352pt.
 [18]

Package hyperref Warning: Token not allowed in a PDF string (Unicode):
(hyperref)                removing `\\' on input line 172.

[19 <C:/Users/–°–µ—Ä–≥–µ–π/Desktop/—É—á–µ–±–∞/8 —Å–µ–º–µ—Å—Ç—Ä/disser-1.3.1.tds
/doc/latex/disser/templates/specialist/fig/2-3.png>]
<fig/2-4.png, id=315, 589.0005pt x 444.4605pt>
File: fig/2-4.png Graphic file (type png)
 <use fig/2-4.png>
Package pdftex.def Info: fig/2-4.png used on input line 189.
(pdftex.def)             Requested size: 341.43307pt x 257.6584pt.
 [20 <C:/Users/–°–µ—Ä–≥–µ–π/Desktop/—É—á–µ–±–∞/8 —Å–µ–º–µ—Å—Ç—Ä/disser-1.3.1.td
s/doc/latex/disser/templates/specialist/fig/2-4.png>]
<fig/2-5.png, id=325, 580.41844pt x 518.6878pt>
File: fig/2-5.png Graphic file (type png)
 <use fig/2-5.png>
Package pdftex.def Info: fig/2-5.png used on input line 198.
(pdftex.def)             Requested size: 341.43307pt x 305.1209pt.
 [21 <C:/Users/–°–µ—Ä–≥–µ–π/Desktop/—É—á–µ–±–∞/8 —Å–µ–º–µ—Å—Ç—Ä/disser-1.3.1.td
s/doc/latex/disser/templates/specialist/fig/2-5.png>])
("C:\Users\–°–µ—Ä–≥–µ–π\Desktop\—É—á–µ–±–∞\8 —Å–µ–º–µ—Å—Ç—Ä\disser-1.3.1.tds\do
c\latex\disser\templates\specialist\3.tex" [22] [23

]
<fig/3-1.jpg, id=351, 240.9pt x 236.29854pt>
File: fig/3-1.jpg Graphic file (type jpg)
 <use fig/3-1.jpg>
Package pdftex.def Info: fig/3-1.jpg used on input line 29.
(pdftex.def)             Requested size: 250.38564pt x 245.61125pt.


LaTeX Warning: `h' float specifier changed to `ht'.

<fig/3-2.jpg, id=352, 404.26031pt x 130.98938pt>
File: fig/3-2.jpg Graphic file (type jpg)
 <use fig/3-2.jpg>
Package pdftex.def Info: fig/3-2.jpg used on input line 36.
(pdftex.def)             Requested size: 364.19667pt x 118.00926pt.


LaTeX Warning: `h' float specifier changed to `ht'.

[24]
Overfull \hbox (6.81512pt too wide) in paragraph at lines 48--49
[]\T2A/cmr/m/n/14.4 ÍÎ‡ÒÒË˜ÂÒÍ‡ˇ ÍÓÌÒÚÛÍˆËˇ ÌÂ ÔÓÁ‚ÓÎˇÂÚ ÓÒÛ˘ÂÒÚ‚ÎˇÚ¸ Ì
‡ÍÎÓÌ˚ ‚Âı
 []

[25 <C:/Users/–°–µ—Ä–≥–µ–π/Desktop/—É—á–µ–±–∞/8 —Å–µ–º–µ—Å—Ç—Ä/disser-1.3.1.tds
/doc/latex/disser/templates/specialist/fig/3-1.jpg> <C:/Users/–°–µ—Ä–≥–µ–π/Desk
top/—É—á–µ–±–∞/8 —Å–µ–º–µ—Å—Ç—Ä/disser-1.3.1.tds/doc/latex/disser/templates/spe
cialist/fig/3-2.jpg>] [26] <fig/3-3.png, id=375, 359.09157pt x 355.3275pt>
File: fig/3-3.png Graphic file (type png)

<use fig/3-3.png>
Package pdftex.def Info: fig/3-3.png used on input line 69.
(pdftex.def)             Requested size: 273.14923pt x 270.30652pt.
 [27 <C:/Users/–°–µ—Ä–≥–µ–π/Desktop/—É—á–µ–±–∞/8 —Å–µ–º–µ—Å—Ç—Ä/disser-1.3.1.td
s/doc/latex/disser/templates/specialist/fig/3-3.png>])
("C:\Users\–°–µ—Ä–≥–µ–π\Desktop\—É—á–µ–±–∞\8 —Å–µ–º–µ—Å—Ç—Ä\disser-1.3.1.tds\do
c\latex\disser\templates\specialist\concl.tex" [28] [29

])
("C:\Users\–°–µ—Ä–≥–µ–π\Desktop\—É—á–µ–±–∞\8 —Å–µ–º–µ—Å—Ç—Ä\disser-1.3.1.tds\do
c\latex\disser\templates\specialist\thesis.bbl" [30] [31

])
("C:\Users\–°–µ—Ä–≥–µ–π\Desktop\—É—á–µ–±–∞\8 —Å–µ–º–µ—Å—Ç—Ä\disser-1.3.1.tds\do
c\latex\disser\templates\specialist\app1.tex" [32] [33

]
Overfull \hbox (11.47653pt too wide) in paragraph at lines 51--52
[][][][][][][][][][][][][][][][][][][][][][][][][][][][][][][][][][][][][] 
 []

[34])
("C:\Users\–°–µ—Ä–≥–µ–π\Desktop\—É—á–µ–±–∞\8 —Å–µ–º–µ—Å—Ç—Ä\disser-1.3.1.tds\do
c\latex\disser\templates\specialist\app2.tex" [35]
<fig/b1.jpg, id=511, 835.62187pt x 603.75563pt>
File: fig/b1.jpg Graphic file (type jpg)
 <use fig/b1.jpg>
Package pdftex.def Info: fig/b1.jpg used on input line 6.
(pdftex.def)             Requested size: 450.69417pt x 325.64546pt.
 [36

 <C:/Users/–°–µ—Ä–≥–µ–π/Desktop/—É—á–µ–±–∞/8 —Å–µ–º–µ—Å—Ç—Ä/disser-1.3.1.tds/do
c/latex/disser/templates/specialist/fig/b1.jpg>]
<fig/b2.png, id=517, 835.62187pt x 638.385pt>
File: fig/b2.png Graphic file (type png)
 <use fig/b2.png>
Package pdftex.def Info: fig/b2.png used on input line 14.
(pdftex.def)             Requested size: 450.69417pt x 344.32338pt.
 [37 <C:/Users/–°–µ—Ä–≥–µ–π/Desktop/—É—á–µ–±–∞/8 —Å–µ–º–µ—Å—Ç—Ä/disser-1.3.1.td
s/doc/latex/disser/templates/specialist/fig/b2.png>]
<fig/b3.png, id=525, 308.352pt x 246.6816pt>
File: fig/b3.png Graphic file (type png)
 <use fig/b3.png>
Package pdftex.def Info: fig/b3.png used on input line 22.
(pdftex.def)             Requested size: 450.69417pt x 360.56241pt.
)
("C:\Users\–°–µ—Ä–≥–µ–π\Desktop\—É—á–µ–±–∞\8 —Å–µ–º–µ—Å—Ç—Ä\disser-1.3.1.tds\do
c\latex\disser\templates\specialist\app3.tex" [38 <C:/Users/–°–µ—Ä–≥–µ–π/Deskto
p/—É—á–µ–±–∞/8 —Å–µ–º–µ—Å—Ç—Ä/disser-1.3.1.tds/doc/latex/disser/templates/speci
alist/fig/b3.png>]

Package hyperref Warning: Token not allowed in a PDF string (Unicode):
(hyperref)                removing `\\' on input line 1.

<fig/c1.png, id=532, 2126.69531pt x 2626.5628pt>
File: fig/c1.png Graphic file (type png)
 <use fig/c1.png>
Package pdftex.def Info: fig/c1.png used on input line 6.
(pdftex.def)             Requested size: 409.71692pt x 505.98563pt.
 [39

 <C:/Users/–°–µ—Ä–≥–µ–π/Desktop/—É—á–µ–±–∞/8 —Å–µ–º–µ—Å—Ç—Ä/disser-1.3.1.tds/do
c/latex/disser/templates/specialist/fig/c1.png>]
<fig/c2.png, id=539, 2626.5628pt x 2560.3153pt>
File: fig/c2.png Graphic file (type png)
 <use fig/c2.png>
Package pdftex.def Info: fig/c2.png used on input line 14.
(pdftex.def)             Requested size: 409.71692pt x 399.38414pt.
 [40 <C:/Users/–°–µ—Ä–≥–µ–π/Desktop/—É—á–µ–±–∞/8 —Å–µ–º–µ—Å—Ç—Ä/disser-1.3.1.td
s/doc/latex/disser/templates/specialist/fig/c2.png>]
<fig/c3.png, id=546, 3078.2503pt x 2807.23781pt>
File: fig/c3.png Graphic file (type png)
 <use fig/c3.png>
Package pdftex.def Info: fig/c3.png used on input line 22.
(pdftex.def)             Requested size: 409.71692pt x 373.60638pt.
)

Package caption Warning: Unused \captionsetup[sub] on input line 20.
See the caption package documentation for explanation.


Package caption Warning: Unused \captionsetup[table] on input line 25.
See the caption package documentation for explanation.

Package atveryend Info: Empty hook `BeforeClearDocument' on input line 185.
[41 <C:/Users/–°–µ—Ä–≥–µ–π/Desktop/—É—á–µ–±–∞/8 —Å–µ–º–µ—Å—Ç—Ä/disser-1.3.1.tds
/doc/latex/disser/templates/specialist/fig/c3.png>]
Package atveryend Info: Empty hook `AfterLastShipout' on input line 185.

("C:\Users\–°–µ—Ä–≥–µ–π\Desktop\—É—á–µ–±–∞\8 —Å–µ–º–µ—Å—Ç—Ä\disser-1.3.1.tds\do
c\latex\disser\templates\specialist\thesis.aux")
Package atveryend Info: Executing hook `AtVeryEndDocument' on input line 185.
Package atveryend Info: Executing hook `AtEndAfterFileList' on input line 185.
Package rerunfilecheck Info: File `thesis.out' has not changed.
(rerunfilecheck)             Checksum: 6ED94497D4EEAEB30200289025B3630D;6314.


LaTeX Warning: There were multiply-defined labels.

Package atveryend Info: Empty hook `AtVeryVeryEnd' on input line 185.
 ) 
Here is how much of TeX's memory you used:
 14945 strings out of 493921
 214732 string characters out of 3144925
 302630 words of memory out of 3000000
 17723 multiletter control sequences out of 15000+200000
 17500 words of font info for 46 fonts, out of 3000000 for 9000
 841 hyphenation exceptions out of 8191
 43i,8n,42p,1214b,1941s stack positions out of 5000i,500n,10000p,200000b,50000s
{C:/Program Files (x86)/MiKTeX 2.9/fonts/enc/dvips/cm-super/cm-super-t2a.enc}
<C:/Program Files (x86)/MiKTeX 2.9/fonts/type1/public/amsfonts/cm/cmex10.pfb><C
:/Program Files (x86)/MiKTeX 2.9/fonts/type1/public/amsfonts/cm/cmmi10.pfb><C:/
Program Files (x86)/MiKTeX 2.9/fonts/type1/public/amsfonts/cm/cmmi12.pfb><C:/Pr
ogram Files (x86)/MiKTeX 2.9/fonts/type1/public/amsfonts/cm/cmr10.pfb><C:/Progr
am Files (x86)/MiKTeX 2.9/fonts/type1/public/amsfonts/cm/cmr12.pfb><C:/Program 
Files (x86)/MiKTeX 2.9/fonts/type1/public/amsfonts/cm/cmsy10.pfb><C:/Program Fi
les (x86)/MiKTeX 2.9/fonts/type1/public/cm-super/sfbx1000.pfb><C:/Program Files
 (x86)/MiKTeX 2.9/fonts/type1/public/cm-super/sfbx1440.pfb><C:/Program Files (x
86)/MiKTeX 2.9/fonts/type1/public/cm-super/sfbx1728.pfb><C:/Program Files (x86)
/MiKTeX 2.9/fonts/type1/public/cm-super/sfbx2074.pfb><C:/Program Files (x86)/Mi
KTeX 2.9/fonts/type1/public/cm-super/sfit1200.pfb><C:/Program Files (x86)/MiKTe
X 2.9/fonts/type1/public/cm-super/sfrm0700.pfb><C:/Program Files (x86)/MiKTeX 2
.9/fonts/type1/public/cm-super/sfrm1000.pfb><C:/Program Files (x86)/MiKTeX 2.9/
fonts/type1/public/cm-super/sfrm1200.pfb><C:/Program Files (x86)/MiKTeX 2.9/fon
ts/type1/public/cm-super/sfrm1440.pfb><C:/Program Files (x86)/MiKTeX 2.9/fonts/
type1/public/cm-super/sfrm2074.pfb><C:/Program Files (x86)/MiKTeX 2.9/fonts/typ
e1/public/cm-super/sfti1440.pfb><C:/Program Files (x86)/MiKTeX 2.9/fonts/type1/
public/cm-super/sftt1200.pfb><C:/Program Files (x86)/MiKTeX 2.9/fonts/type1/pub
lic/cm-super/sftt1440.pfb>
Output written on thesis.pdf (41 pages, 6206777 bytes).
PDF statistics:
 668 PDF objects out of 1000 (max. 8388607)
 245 named destinations out of 1000 (max. 500000)
 258 words of extra memory for PDF output out of 10000 (max. 10000000)

